<?xml version="1.0" encoding="UTF-8"?>
<!-- Generated by org.testng.reporters.JUnitXMLReporter -->
<testsuite ignored="2" hostname="LAPTOP-4LOTHOPO" failures="0" tests="3" name="Test" time="0.118" errors="0" timestamp="2022-09-13T11:23:28 IST">
  <testcase classname="testNG.grouping" name="b" time="0.023"/>
  <testcase classname="testNG.grouping" name="d" time="0.005"/>
  <testcase classname="testNG.grouping" name="e" time="0.009"/>
  <testcase classname="testNG.grouping" name="a" time="0.0">
    <ignored/>
  </testcase> <!-- a -->
  <testcase classname="testNG.grouping" name="c" time="0.0">
    <ignored/>
  </testcase> <!-- c -->
</testsuite> <!-- Test -->
