<?xml version="1.0" encoding="UTF-8"?>
<testng-results ignored="2" total="5" passed="3" failed="0" skipped="0">
  <reporter-output>
  </reporter-output>
  <suite started-at="2022-09-13T11:23:27 IST" name="Suite" finished-at="2022-09-13T11:23:28 IST" duration-ms="118">
    <groups>
      <group name="regression">
        <method signature="grouping.b()[pri:0, instance:testNG.grouping@5af3afd9]" name="b" class="testNG.grouping"/>
      </group> <!-- regression -->
    </groups>
    <test started-at="2022-09-13T11:23:27 IST" name="Test" finished-at="2022-09-13T11:23:28 IST" duration-ms="118">
      <class name="testNG.grouping">
        <test-method signature="b()[pri:0, instance:testNG.grouping@5af3afd9]" started-at="2022-09-13T11:23:27 IST" name="b" finished-at="2022-09-13T11:23:27 IST" duration-ms="23" status="PASS">
          <reporter-output>
          </reporter-output>
        </test-method> <!-- b -->
        <test-method signature="d()[pri:0, instance:testNG.grouping@5af3afd9]" started-at="2022-09-13T11:23:27 IST" name="d" finished-at="2022-09-13T11:23:27 IST" duration-ms="5" status="PASS">
          <reporter-output>
          </reporter-output>
        </test-method> <!-- d -->
        <test-method signature="e()[pri:1, instance:testNG.grouping@5af3afd9]" started-at="2022-09-13T11:23:28 IST" name="e" finished-at="2022-09-13T11:23:28 IST" duration-ms="9" status="PASS">
          <reporter-output>
          </reporter-output>
        </test-method> <!-- e -->
      </class> <!-- testNG.grouping -->
    </test> <!-- Test -->
  </suite> <!-- Suite -->
</testng-results>
